c:\users\gorge\downloads\marketplace\marketplace\debug\vc142.pdb
c:\users\gorge\downloads\marketplace\marketplace\debug\.netframework,version=v4.7.2.assemblyattributes.obj
c:\users\gorge\downloads\marketplace\marketplace\debug\myform.obj
c:\users\gorge\downloads\marketplace\marketplace\debug\seller.obj
c:\users\gorge\downloads\marketplace\marketplace\debug\product.obj
c:\users\gorge\downloads\marketplace\marketplace\debug\database.obj
c:\users\gorge\downloads\marketplace\marketplace\debug\customer.obj
c:\users\gorge\downloads\marketplace\marketplace\debug\cart.obj
c:\users\gorge\downloads\marketplace\marketplace\debug\source.obj
c:\users\gorge\downloads\marketplace\marketplace\debug\console_application.obj
c:\users\gorge\downloads\marketplace\debug\marketplace.exe
c:\users\gorge\downloads\marketplace\debug\marketplace.pdb
c:\users\gorge\downloads\marketplace\marketplace\debug\marketplace.myform.resources
c:\users\gorge\downloads\marketplace\marketplace\debug\marketplace.tlog\cl.command.1.tlog
c:\users\gorge\downloads\marketplace\marketplace\debug\marketplace.tlog\cl.read.1.tlog
c:\users\gorge\downloads\marketplace\marketplace\debug\marketplace.tlog\cl.write.1.tlog
c:\users\gorge\downloads\marketplace\marketplace\debug\marketplace.tlog\link.11368-cvtres.read.1.tlog
c:\users\gorge\downloads\marketplace\marketplace\debug\marketplace.tlog\link.11368-cvtres.write.1.tlog
c:\users\gorge\downloads\marketplace\marketplace\debug\marketplace.tlog\link.11368-rc.read.1.tlog
c:\users\gorge\downloads\marketplace\marketplace\debug\marketplace.tlog\link.11368-rc.write.1.tlog
c:\users\gorge\downloads\marketplace\marketplace\debug\marketplace.tlog\link.11368.read.1.tlog
c:\users\gorge\downloads\marketplace\marketplace\debug\marketplace.tlog\link.11368.write.1.tlog
c:\users\gorge\downloads\marketplace\marketplace\debug\marketplace.tlog\link.14788-cvtres.read.1.tlog
c:\users\gorge\downloads\marketplace\marketplace\debug\marketplace.tlog\link.14788-cvtres.write.1.tlog
c:\users\gorge\downloads\marketplace\marketplace\debug\marketplace.tlog\link.14788-rc.read.1.tlog
c:\users\gorge\downloads\marketplace\marketplace\debug\marketplace.tlog\link.14788-rc.write.1.tlog
c:\users\gorge\downloads\marketplace\marketplace\debug\marketplace.tlog\link.14788.read.1.tlog
c:\users\gorge\downloads\marketplace\marketplace\debug\marketplace.tlog\link.14788.write.1.tlog
c:\users\gorge\downloads\marketplace\marketplace\debug\marketplace.tlog\link.9272-cvtres.read.1.tlog
c:\users\gorge\downloads\marketplace\marketplace\debug\marketplace.tlog\link.9272-cvtres.write.1.tlog
c:\users\gorge\downloads\marketplace\marketplace\debug\marketplace.tlog\link.9272-rc.read.1.tlog
c:\users\gorge\downloads\marketplace\marketplace\debug\marketplace.tlog\link.9272-rc.write.1.tlog
c:\users\gorge\downloads\marketplace\marketplace\debug\marketplace.tlog\link.9272.read.1.tlog
c:\users\gorge\downloads\marketplace\marketplace\debug\marketplace.tlog\link.9272.write.1.tlog
c:\users\gorge\downloads\marketplace\marketplace\debug\marketplace.tlog\link.command.1.tlog
c:\users\gorge\downloads\marketplace\marketplace\debug\marketplace.tlog\link.read.1.tlog
c:\users\gorge\downloads\marketplace\marketplace\debug\marketplace.tlog\link.write.1.tlog
c:\users\gorge\downloads\marketplace\marketplace\debug\marketplace.tlog\marketplace.write.1u.tlog
c:\users\gorge\downloads\marketplace\marketplace\debug\marketplace.tlog\metagen.read.1.tlog
c:\users\gorge\downloads\marketplace\marketplace\debug\marketplace.tlog\metagen.write.1.tlog
