d:\4th semester\ds\final project\online marketplace management system\online marketplace management system\marketplace\x64\debug\vc142.pdb
d:\4th semester\ds\final project\online marketplace management system\online marketplace management system\marketplace\x64\debug\.netframework,version=v4.7.2.assemblyattributes.obj
d:\4th semester\ds\final project\online marketplace management system\online marketplace management system\marketplace\x64\debug\source.obj
d:\4th semester\ds\final project\online marketplace management system\online marketplace management system\marketplace\x64\debug\seller.obj
d:\4th semester\ds\final project\online marketplace management system\online marketplace management system\marketplace\x64\debug\product.obj
d:\4th semester\ds\final project\online marketplace management system\online marketplace management system\marketplace\x64\debug\myform.obj
d:\4th semester\ds\final project\online marketplace management system\online marketplace management system\marketplace\x64\debug\database.obj
d:\4th semester\ds\final project\online marketplace management system\online marketplace management system\marketplace\x64\debug\customer.obj
d:\4th semester\ds\final project\online marketplace management system\online marketplace management system\marketplace\x64\debug\cart.obj
d:\4th semester\ds\final project\online marketplace management system\online marketplace management system\x64\debug\marketplace.exe
d:\4th semester\ds\final project\online marketplace management system\online marketplace management system\x64\debug\marketplace.pdb
d:\4th semester\ds\final project\online marketplace management system\online marketplace management system\marketplace\x64\debug\marketplace.myform.resources
d:\4th semester\ds\final project\online marketplace management system\online marketplace management system\marketplace\x64\debug\marketplace.tlog\cl.command.1.tlog
d:\4th semester\ds\final project\online marketplace management system\online marketplace management system\marketplace\x64\debug\marketplace.tlog\cl.read.1.tlog
d:\4th semester\ds\final project\online marketplace management system\online marketplace management system\marketplace\x64\debug\marketplace.tlog\cl.write.1.tlog
d:\4th semester\ds\final project\online marketplace management system\online marketplace management system\marketplace\x64\debug\marketplace.tlog\link.command.1.tlog
d:\4th semester\ds\final project\online marketplace management system\online marketplace management system\marketplace\x64\debug\marketplace.tlog\link.read.1.tlog
d:\4th semester\ds\final project\online marketplace management system\online marketplace management system\marketplace\x64\debug\marketplace.tlog\link.write.1.tlog
d:\4th semester\ds\final project\online marketplace management system\online marketplace management system\marketplace\x64\debug\marketplace.tlog\marketplace.write.1u.tlog
d:\4th semester\ds\final project\online marketplace management system\online marketplace management system\marketplace\x64\debug\marketplace.tlog\metagen.read.1.tlog
d:\4th semester\ds\final project\online marketplace management system\online marketplace management system\marketplace\x64\debug\marketplace.tlog\metagen.write.1.tlog
